<?xml version="1.0" encoding="UTF-8"?>
<!-- Generated by org.testng.reporters.JUnitReportReporter -->
<testsuite skipped="0" hostname="MSSPAD1038" name="script.Test1" tests="1" failures="0" timestamp="03 Mar 2022 03:50:07 GMT" time="11.018" errors="0">
  <testcase name="testA" time="11.018" classname="script.Test1"/>
</testsuite> <!-- script.Test1 -->
