<?xml version="1.0" encoding="UTF-8"?>
<!-- Generated by org.testng.reporters.JUnitReportReporter -->
<testsuite skipped="0" hostname="MSSPAD1038" name="p29.Demo1" tests="1" failures="0" timestamp="02 Mar 2022 02:55:18 GMT" time="14.693" errors="0">
  <testcase name="testA" time="14.693" classname="p29.Demo1"/>
</testsuite> <!-- p29.Demo1 -->
